<?xml version="1.0" encoding="UTF-8"?>
<testsuite name="baseline.Solution35Test" tests="1" skipped="0" failures="0" errors="0" timestamp="2021-10-12T02:04:07" hostname="DESKTOP-2D733RN" time="0.018">
  <properties/>
  <testcase name="test_get_winner()" classname="baseline.Solution35Test" time="0.018"/>
  <system-out><![CDATA[]]></system-out>
  <system-err><![CDATA[]]></system-err>
</testsuite>
