<?xml version="1.0" encoding="UTF-8"?>
<testsuite name="baseline.Solution40Test" tests="1" skipped="0" failures="0" errors="0" timestamp="2021-10-12T02:56:34" hostname="DESKTOP-2D733RN" time="0.014">
  <properties/>
  <testcase name="test_list_search()" classname="baseline.Solution40Test" time="0.014"/>
  <system-out><![CDATA[]]></system-out>
  <system-err><![CDATA[]]></system-err>
</testsuite>
