<?xml version="1.0" encoding="UTF-8"?>
<testsuite name="PaymentCalculatorTest" tests="1" skipped="0" failures="0" errors="0" timestamp="2021-09-30T14:24:57" hostname="DESKTOP-2D733RN" time="0.014">
  <properties/>
  <testcase name="test_calculator()" classname="PaymentCalculatorTest" time="0.014"/>
  <system-out><![CDATA[]]></system-out>
  <system-err><![CDATA[]]></system-err>
</testsuite>
