<?xml version="1.0" encoding="UTF-8"?>
<testsuite name="baseline.Solution38Test" tests="3" skipped="0" failures="0" errors="0" timestamp="2021-10-02T00:08:18" hostname="DESKTOP-2D733RN" time="0.021">
  <properties/>
  <testcase name="test_find_evens()" classname="baseline.Solution38Test" time="0.015"/>
  <testcase name="test_input_validation_false()" classname="baseline.Solution38Test" time="0.003"/>
  <testcase name="test_input_validation_true()" classname="baseline.Solution38Test" time="0.001"/>
  <system-out><![CDATA[Please give only numbers and spaces in your input ]]></system-out>
  <system-err><![CDATA[]]></system-err>
</testsuite>
