<?xml version="1.0" encoding="UTF-8"?>
<testsuite name="Solution24Test" tests="1" skipped="0" failures="0" errors="0" timestamp="2021-09-28T18:17:48" hostname="DESKTOP-2D733RN" time="0.014">
  <properties/>
  <testcase name="test_string_comparison()" classname="Solution24Test" time="0.014"/>
  <system-out><![CDATA[]]></system-out>
  <system-err><![CDATA[]]></system-err>
</testsuite>
