<?xml version="1.0" encoding="UTF-8"?>
<testsuite name="baseline.Solution32Test" tests="2" skipped="0" failures="0" errors="0" timestamp="2021-09-30T19:09:05" hostname="DESKTOP-2D733RN" time="0.024">
  <properties/>
  <testcase name="test_difficulty_validation()" classname="baseline.Solution32Test" time="0.021"/>
  <testcase name="test_guess_checker()" classname="baseline.Solution32Test" time="0.003"/>
  <system-out><![CDATA[Too low. ]]></system-out>
  <system-err><![CDATA[]]></system-err>
</testsuite>
