<?xml version="1.0" encoding="UTF-8"?>
<testsuite name="baseline.Solution36Test" tests="4" skipped="0" failures="0" errors="0" timestamp="2021-10-01T02:41:57" hostname="DESKTOP-2D733RN" time="0.023">
  <properties/>
  <testcase name="test_min_method()" classname="baseline.Solution36Test" time="0.017"/>
  <testcase name="test_std_method()" classname="baseline.Solution36Test" time="0.003"/>
  <testcase name="test_avg_method()" classname="baseline.Solution36Test" time="0.0"/>
  <testcase name="test_max_method()" classname="baseline.Solution36Test" time="0.0"/>
  <system-out><![CDATA[]]></system-out>
  <system-err><![CDATA[]]></system-err>
</testsuite>
