<?xml version="1.0" encoding="UTF-8"?>
<testsuite name="Solution29Test" tests="2" skipped="0" failures="0" errors="0" timestamp="2021-09-30T05:08:05" hostname="DESKTOP-2D733RN" time="0.019">
  <properties/>
  <testcase name="test_valid_input()" classname="Solution29Test" time="0.018"/>
  <testcase name="test_calculate_return()" classname="Solution29Test" time="0.001"/>
  <system-out><![CDATA[Sorry. That's not valid input.
Sorry. That's not valid input.
]]></system-out>
  <system-err><![CDATA[]]></system-err>
</testsuite>
