<?xml version="1.0" encoding="UTF-8"?>
<testsuite name="Solution25Test" tests="1" skipped="0" failures="0" errors="0" timestamp="2021-09-28T19:38:43" hostname="DESKTOP-2D733RN" time="0.013">
  <properties/>
  <testcase name="test_password_validation()" classname="Solution25Test" time="0.013"/>
  <system-out><![CDATA[]]></system-out>
  <system-err><![CDATA[]]></system-err>
</testsuite>
