<?xml version="1.0" encoding="UTF-8"?>
<testsuite name="baseline.Solution39Test" tests="1" skipped="0" failures="0" errors="0" timestamp="2021-10-12T02:49:52" hostname="DESKTOP-2D733RN" time="0.015">
  <properties/>
  <testcase name="test_employee_list_sort()" classname="baseline.Solution39Test" time="0.015"/>
  <system-out><![CDATA[]]></system-out>
  <system-err><![CDATA[]]></system-err>
</testsuite>
